<?xml version="1.0" encoding="UTF-8"?>
<testsuite name="com.jhuoose.todoose.models.ItemTests" tests="1" skipped="0" failures="0" errors="0" timestamp="2019-09-04T14:18:21" hostname="Robins-MacBook-Air.local" time="0.029">
  <properties/>
  <testcase name="testGettersAndSetters()" classname="com.jhuoose.todoose.models.ItemTests" time="0.029"/>
  <system-out><![CDATA[]]></system-out>
  <system-err><![CDATA[]]></system-err>
</testsuite>
